<?xml version="1.0" encoding="UTF-8"?>
<!-- Generated by org.testng.reporters.JUnitReportReporter -->
<testsuite skipped="0" hostname="DM303" name="life4ctest.QuotesPagetest" tests="1" failures="0" timestamp="08 Aug 2018 14:58:26 GMT" time="111.125" errors="0">
  <testcase name="IncomeProtectiontest" time="111.125" classname="life4ctest.QuotesPagetest"/>
</testsuite> <!-- life4ctest.QuotesPagetest -->
